1498419613119	geckodriver	INFO	Listening on 127.0.0.1:5857
1498419615207	geckodriver::marionette	INFO	Starting browser C:\Program Files\Mozilla Firefox\firefox.exe with args ["-marionette"]
1498419618616	Marionette	INFO	Listening on port 5864
1498419618861	Marionette	WARN	TLS certificate errors will be ignored for this session
1498419619444	Marionette	INFO	New connections will no longer be accepted
1499539513109	geckodriver	INFO	Listening on 127.0.0.1:15302
1499539515177	geckodriver::marionette	INFO	Starting browser C:\Program Files\Mozilla Firefox\firefox.exe with args ["-marionette"]
1499539518242	Marionette	INFO	Listening on port 15313
1499539518317	Marionette	WARN	TLS certificate errors will be ignored for this session
1499539528088	Marionette	INFO	Ceased listening
1499539557624	geckodriver	INFO	Listening on 127.0.0.1:15344
1499539559700	geckodriver::marionette	INFO	Starting browser C:\Program Files\Mozilla Firefox\firefox.exe with args ["-marionette"]
1499539562059	Marionette	INFO	Listening on port 15350
1499539562825	Marionette	WARN	TLS certificate errors will be ignored for this session
1499539938083	Marionette	INFO	Ceased listening
0.0.1:15530
1499539779066	geckodriver::marionette	INFO	Starting browser C:\Program Files\Mozilla Firefox\firefox.exe with args ["-marionette"]
1499539781456	Marionette	INFO	Listening on port 15536
1499539782197	Marionette	WARN	TLS certificate errors will be ignored for this session
1499539939312	Marionette	INFO	Ceased listening
1499539941922	geckodriver	INFO	Listening on 127.0.0.1:15598
1499539943993	geckodriver::marionette	INFO	Starting browser C:\Program Files\Mozilla Firefox\firefox.exe with args ["-marionette"]
1499539946223	Marionette	INFO	Listening on port 15605
1499539947120	Marionette	WARN	TLS certificate errors will be ignored for this session
1499539999831	Marionette	INFO	Ceased listening
0.0.1:15639
1499539979938	geckodriver::marionette	INFO	Starting browser C:\Program Files\Mozilla Firefox\firefox.exe with args ["-marionette"]
1499539982074	Marionette	INFO	Listening on port 15645
1499539983064	Marionette	WARN	TLS certificate errors will be ignored for this session
1499539997990	Marionette	INFO	Ceased listening
1499540018382	geckodriver	INFO	Listening on 127.0.0.1:15681
1499540020454	geckodriver::marionette	INFO	Starting browser C:\Program Files\Mozilla Firefox\firefox.exe with args ["-marionette"]
1499540022550	Marionette	INFO	Listening on port 15687
1499540023579	Marionette	WARN	TLS certificate errors will be ignored for this session
1499540031265	Marionette	INFO	Ceased listening
1499540078705	geckodriver	INFO	Listening on 127.0.0.1:15721
1499540080777	geckodriver::marionette	INFO	Starting browser C:\Program Files\Mozilla Firefox\firefox.exe with args ["-marionette"]
1499540082898	Marionette	INFO	Listening on port 15727
1499540083901	Marionette	WARN	TLS certificate errors will be ignored for this session
1499540102421	Marionette	INFO	Ceased listening
1499540141085	geckodriver	INFO	Listening on 127.0.0.1:15759
1499540143155	geckodriver::marionette	INFO	Starting browser C:\Program Files\Mozilla Firefox\firefox.exe with args ["-marionette"]
1499540145247	Marionette	INFO	Listening on port 15766
1499540146281	Marionette	WARN	TLS certificate errors will be ignored for this session
1499540154483	Marionette	INFO	Ceased listening
1499540189034	geckodriver	INFO	Listening on 127.0.0.1:15799
1499540191103	geckodriver::marionette	INFO	Starting browser C:\Program Files\Mozilla Firefox\firefox.exe with args ["-marionette"]
1499540193238	Marionette	INFO	Listening on port 15805
1499540194234	Marionette	WARN	TLS certificate errors will be ignored for this session
1499540198628	Marionette	INFO	Ceased listening
1499540208327	geckodriver	INFO	Listening on 127.0.0.1:15838
1499540210399	geckodriver::marionette	INFO	Starting browser C:\Program Files\Mozilla Firefox\firefox.exe with args ["-marionette"]
1499540212531	Marionette	INFO	Listening on port 15846
1499540213527	Marionette	WARN	TLS certificate errors will be ignored for this session
1499540221766	Marionette	INFO	Ceased listening
1499540301941	geckodriver	INFO	Listening on 127.0.0.1:15879
1499540304013	geckodriver::marionette	INFO	Starting browser C:\Program Files\Mozilla Firefox\firefox.exe with args ["-marionette"]
1499540306111	Marionette	INFO	Listening on port 15888
1499540307137	Marionette	WARN	TLS certificate errors will be ignored for this session
*************************
A coding exception was thrown and uncaught in a Task.

Full message: TypeError: NetworkError when attempting to fetch resource.
Full stack: 
*************************
1499541124223	Marionette	INFO	Ceased listening
1499541197135	geckodriver	INFO	Listening on 127.0.0.1:16175
1499541199249	geckodriver::marionette	INFO	Starting browser C:\Program Files\Mozilla Firefox\firefox.exe with args ["-marionette"]
1499541201437	Marionette	INFO	Listening on port 16181
1499541202379	Marionette	WARN	TLS certificate errors will be ignored for this session
1499541290971	Marionette	INFO	Ceased listening
0.0.1:16226
1499541264339	geckodriver::marionette	INFO	Starting browser C:\Program Files\Mozilla Firefox\firefox.exe with args ["-marionette"]
1499541266560	Marionette	INFO	Listening on port 16233
1499541267471	Marionette	WARN	TLS certificate errors will be ignored for this session
1499541288872	Marionette	INFO	Ceased listening
1499541360366	geckodriver	INFO	Listening on 127.0.0.1:16285
1499541362446	geckodriver::marionette	INFO	Starting browser C:\Program Files\Mozilla Firefox\firefox.exe with args ["-marionette"]
1499541364675	Marionette	INFO	Listening on port 16292
1499541365581	Marionette	WARN	TLS certificate errors will be ignored for this session
1499541602333	Marionette	INFO	Ceased listening
1499541880461	geckodriver	INFO	Listening on 127.0.0.1:16426
1499541882537	geckodriver::marionette	INFO	Starting browser C:\Program Files\Mozilla Firefox\firefox.exe with args ["-marionette"]
1499541884746	Marionette	INFO	Listening on port 16432
1499541885692	Marionette	WARN	TLS certificate errors will be ignored for this session
1499541904820	Marionette	INFO	Ceased listening
1499542478577	geckodriver	INFO	Listening on 127.0.0.1:16547
1499542480608	geckodriver::marionette	INFO	Starting browser C:\Program Files\Mozilla Firefox\firefox.exe with args ["-marionette"]
1499542484202	Marionette	INFO	Listening on port 16556
1499542484320	Marionette	WARN	TLS certificate errors will be ignored for this session
1499542497873	Marionette	INFO	Ceased listening
1499542502516	geckodriver	INFO	Listening on 127.0.0.1:16598
1499542504600	geckodriver::marionette	INFO	Starting browser C:\Program Files\Mozilla Firefox\firefox.exe with args ["-marionette"]
1499542507816	Marionette	INFO	Listening on port 16604
1499542508293	Marionette	WARN	TLS certificate errors will be ignored for this session
1499542513544	Marionette	INFO	Ceased listening
1499542532756	geckodriver	INFO	Listening on 127.0.0.1:16644
1499542534840	geckodriver::marionette	INFO	Starting browser C:\Program Files\Mozilla Firefox\firefox.exe with args ["-marionette"]
1499542537945	Marionette	INFO	Listening on port 16650
1499542538076	Marionette	WARN	TLS certificate errors will be ignored for this session
1499542549661	Marionette	INFO	Ceased listening
1499542558599	geckodriver	INFO	Listening on 127.0.0.1:16685
1499542560683	geckodriver::marionette	INFO	Starting browser C:\Program Files\Mozilla Firefox\firefox.exe with args ["-marionette"]
1499542564303	Marionette	INFO	Listening on port 16691
1499542564436	Marionette	WARN	TLS certificate errors will be ignored for this session
1499542570747	Marionette	INFO	Ceased listening
1499542958640	geckodriver	INFO	Listening on 127.0.0.1:16757
1499542960714	geckodriver::marionette	INFO	Starting browser C:\Program Files\Mozilla Firefox\firefox.exe with args ["-marionette"]
1499542962982	Marionette	INFO	Listening on port 16763
1499542963841	Marionette	WARN	TLS certificate errors will be ignored for this session
1499542964426	Marionette	INFO	New connections will no longer be accepted
1499542970732	geckodriver	INFO	Listening on 127.0.0.1:16796
1499542972818	geckodriver::marionette	INFO	Starting browser C:\Program Files\Mozilla Firefox\firefox.exe with args ["-marionette"]
1499542975190	Marionette	INFO	Listening on port 16802
1499542975948	Marionette	WARN	TLS certificate errors will be ignored for this session
1499542976571	Marionette	INFO	New connections will no longer be accepted
1499545645929	geckodriver	INFO	Listening on 127.0.0.1:17213
1499545647998	geckodriver::marionette	INFO	Starting browser C:\Program Files\Mozilla Firefox\firefox.exe with args ["-marionette"]
1499545650430	Marionette	INFO	Listening on port 17220
1499545651132	Marionette	WARN	TLS certificate errors will be ignored for this session
1499545659935	Marionette	INFO	Ceased listening
1499546428324	geckodriver	INFO	Listening on 127.0.0.1:17417
1499546430408	geckodriver::marionette	INFO	Starting browser C:\Program Files\Mozilla Firefox\firefox.exe with args ["-marionette"]
1499546432621	Marionette	INFO	Listening on port 17423
1499546433536	Marionette	WARN	TLS certificate errors will be ignored for this session
1499546450411	Marionette	INFO	Ceased listening
1499546462877	geckodriver	INFO	Listening on 127.0.0.1:17457
1499546464949	geckodriver::marionette	INFO	Starting browser C:\Program Files\Mozilla Firefox\firefox.exe with args ["-marionette"]
1499546467228	Marionette	INFO	Listening on port 17463
1499546468074	Marionette	WARN	TLS certificate errors will be ignored for this session
1499546468404	Marionette	INFO	New connections will no longer be accepted
1499546478984	geckodriver	INFO	Listening on 127.0.0.1:17494
1499546481054	geckodriver::marionette	INFO	Starting browser C:\Program Files\Mozilla Firefox\firefox.exe with args ["-marionette"]
1499546483362	Marionette	INFO	Listening on port 17500
1499546484183	Marionette	WARN	TLS certificate errors will be ignored for this session
1499546488241	Marionette	INFO	Ceased listening
1499603071866	geckodriver	INFO	Listening on 127.0.0.1:1887
1499603073929	geckodriver::marionette	INFO	Starting browser C:\Program Files\Mozilla Firefox\firefox.exe with args ["-marionette"]
1499603078813	Marionette	INFO	Listening on port 1894
1499603079511	Marionette	WARN	TLS certificate errors will be ignored for this session
1499603080373	Marionette	INFO	New connections will no longer be accepted
1499603121070	geckodriver	INFO	Listening on 127.0.0.1:1932
1499603123149	geckodriver::marionette	INFO	Starting browser C:\Program Files\Mozilla Firefox\firefox.exe with args ["-marionette"]
1499603126446	Marionette	INFO	Listening on port 1939
1499603126782	Marionette	WARN	TLS certificate errors will be ignored for this session
1499603143113	Marionette	INFO	Ceased listening
1499603213136	geckodriver	INFO	Listening on 127.0.0.1:1974
1499603215228	geckodriver::marionette	INFO	Starting browser C:\Program Files\Mozilla Firefox\firefox.exe with args ["-marionette"]
1499603218337	Marionette	INFO	Listening on port 1981
1499603218476	Marionette	WARN	TLS certificate errors will be ignored for this session
1499603230129	Marionette	INFO	Ceased listening
1499603239141	geckodriver	INFO	Listening on 127.0.0.1:2016
1499603241228	geckodriver::marionette	INFO	Starting browser C:\Program Files\Mozilla Firefox\firefox.exe with args ["-marionette"]
1499603244235	Marionette	INFO	Listening on port 2022
1499603244426	Marionette	WARN	TLS certificate errors will be ignored for this session
1499603249358	Marionette	INFO	Ceased listening
1499603261303	geckodriver	INFO	Listening on 127.0.0.1:2056
1499603263389	geckodriver::marionette	INFO	Starting browser C:\Program Files\Mozilla Firefox\firefox.exe with args ["-marionette"]
1499603266454	Marionette	INFO	Listening on port 2062
1499603266597	Marionette	WARN	TLS certificate errors will be ignored for this session
1499603272995	Marionette	INFO	Ceased listening
1500210708914	geckodriver	INFO	Listening on 127.0.0.1:2429
1500210710985	geckodriver::marionette	INFO	Starting browser C:\Program Files\Mozilla Firefox\firefox.exe with args ["-marionette"]
1500210714377	Marionette	INFO	Listening on port 2437
1500210714481	Marionette	WARN	TLS certificate errors will be ignored for this session
1500210760237	Marionette	INFO	Ceased listening
1500210786260	geckodriver	INFO	Listening on 127.0.0.1:2574
1500210788332	geckodriver::marionette	INFO	Starting browser C:\Program Files\Mozilla Firefox\firefox.exe with args ["-marionette"]
1500210790567	Marionette	INFO	Listening on port 2580
1500210791479	Marionette	WARN	TLS certificate errors will be ignored for this session
1500210806846	Marionette	INFO	Ceased listening
1500210829999	geckodriver	INFO	Listening on 127.0.0.1:2666
1500210832067	geckodriver::marionette	INFO	Starting browser C:\Program Files\Mozilla Firefox\firefox.exe with args ["-marionette"]
1500210834212	Marionette	INFO	Listening on port 2672
1500210835228	Marionette	WARN	TLS certificate errors will be ignored for this session
1500210893313	Marionette	INFO	Ceased listening
1500210965596	geckodriver	INFO	Listening on 127.0.0.1:2808
1500210967698	geckodriver::marionette	INFO	Starting browser C:\Program Files\Mozilla Firefox\firefox.exe with args ["-marionette"]
1500210969811	Marionette	INFO	Listening on port 2814
1500210970859	Marionette	WARN	TLS certificate errors will be ignored for this session
1500211018894	Marionette	INFO	Ceased listening
1500211023901	geckodriver	INFO	Listening on 127.0.0.1:2882
1500211025988	geckodriver::marionette	INFO	Starting browser C:\Program Files\Mozilla Firefox\firefox.exe with args ["-marionette"]
1500211028117	Marionette	INFO	Listening on port 2888
1500211029136	Marionette	WARN	TLS certificate errors will be ignored for this session
1500211044219	Marionette	INFO	Ceased listening
1500211047510	geckodriver	INFO	Listening on 127.0.0.1:2963
1500211049580	geckodriver::marionette	INFO	Starting browser C:\Program Files\Mozilla Firefox\firefox.exe with args ["-marionette"]
1500211051822	Marionette	INFO	Listening on port 2969
1500211052710	Marionette	WARN	TLS certificate errors will be ignored for this session
*************************
A coding exception was thrown and uncaught in a Task.

Full message: TypeError: NetworkError when attempting to fetch resource.
Full stack: 
*************************
1500211774086	geckodriver	INFO	Listening on 127.0.0.1:3195
1500211776173	geckodriver::marionette	INFO	Starting browser C:\Program Files\Mozilla Firefox\firefox.exe with args ["-marionette"]
1500211778470	Marionette	INFO	Listening on port 3201
1500211779330	Marionette	WARN	TLS certificate errors will be ignored for this session
*************************
A coding exception was thrown and uncaught in a Task.

Full message: TypeError: NetworkError when attempting to fetch resource.
Full stack: 
*************************
1500212666837	Marionette	INFO	Ceased listening
1500213605450	geckodriver	INFO	Listening on 127.0.0.1:3563
1500213607544	geckodriver::marionette	INFO	Starting browser C:\Program Files\Mozilla Firefox\firefox.exe with args ["-marionette"]
1500213611117	Marionette	INFO	Listening on port 3569
1500213611266	Marionette	WARN	TLS certificate errors will be ignored for this session
*************************
A coding exception was thrown and uncaught in a Task.

Full message: TypeError: NetworkError when attempting to fetch resource.
Full stack: 
*************************
1500214603628	Marionette	INFO	Ceased listening
1500239398807	geckodriver	INFO	Listening on 127.0.0.1:8188
1500239400838	geckodriver::marionette	INFO	Starting browser C:\Program Files\Mozilla Firefox\firefox.exe with args ["-marionette"]
1500239405056	Marionette	INFO	Listening on port 8196
1500239405319	Marionette	WARN	TLS certificate errors will be ignored for this session
